<?xml version="1.0" encoding="UTF-8"?>
<!-- Generated by org.testng.reporters.JUnitXMLReporter -->
<testsuite ignored="0" hostname="DESKTOP-UJEM81M" failures="0" tests="10" name="Default test" time="59.41" errors="0" timestamp="2025-06-23T19:25:17 GMT+03:00">
  <testcase classname="finalProject.finalProject.AppTest" name="SignUp" time="13.668"/>
  <testcase classname="finalProject.finalProject.AppTest" name="invalidLogin" time="1.761"/>
  <testcase classname="finalProject.finalProject.AppTest" name="LoginTest" time="5.991"/>
  <testcase classname="finalProject.finalProject.AppTest" name="ValidProductSearch" time="4.739"/>
  <testcase classname="finalProject.finalProject.AppTest" name="BrandNavigation" time="5.544"/>
  <testcase classname="finalProject.finalProject.AppTest" name="AddRandomItemFromEyes" time="5.886"/>
  <testcase classname="finalProject.finalProject.AppTest" name="changeQuantity" time="3.902"/>
  <testcase classname="finalProject.finalProject.AppTest" name="checkout" time="2.132"/>
  <testcase classname="finalProject.finalProject.AppTest" name="InvalidSearch" time="8.723"/>
  <testcase classname="finalProject.finalProject.AppTest" name="verifySocialLink" time="3.889"/>
</testsuite> <!-- Default test -->
